<?xml version="1.0" encoding="UTF-8" ?>
<testsuite tests="4" failures="0" name="myapp.TestLoggerServices" time="0.044" errors="0" skipped="0">
  <properties>
[...]
</properties>
  <testcase classname="myapp.TestLoggerServices" name="testBeanFileLogger" time="0.038"/>
  <testcase classname="myapp.TestLoggerServices" name="testCalculorAndStderrLogger" time="0.001"/>
  <testcase classname="myapp.TestLoggerServices" name="testFileLogger" time="0.002"/>
  <testcase classname="myapp.TestLoggerServices" name="testStderrLogger" time="0.003"/>
</testsuite>